<?xml version="1.0" encoding="UTF-8"?>
<robot generator="Robot 6.0.2 (Python 3.9.10 on win32)" generated="20230425 11:04:19.028" rpa="false" schemaversion="3">
<suite id="s1" name="Simple" source="c:\Users\lookn\looknat\Com\year3\semester_2\SE2\Robot_trainder\testcases\master\simple.robot">
<test id="s1-t1" name="Send input to form" line="101">
<kw name="Open Browser" library="SeleniumLibrary">
<arg>${WEB_URL}</arg>
<arg>chrome</arg>
<doc>Opens a new browser instance to the optional ``url``.</doc>
<msg timestamp="20230425 11:04:19.425" level="INFO">Opening browser 'chrome' to base url 'https://trainder.noppakorn.com/'.</msg>
<status status="PASS" starttime="20230425 11:04:19.424" endtime="20230425 11:04:21.156"/>
</kw>
<kw name="Wait Until Page Contains" library="SeleniumLibrary">
<arg>Welcome</arg>
<doc>Waits until ``text`` appears on the current page.</doc>
<status status="PASS" starttime="20230425 11:04:21.157" endtime="20230425 11:04:21.181"/>
</kw>
<kw name="Click Link" library="SeleniumLibrary">
<arg>//*[@href="/account/signup"]</arg>
<doc>Clicks a link identified by ``locator``.</doc>
<msg timestamp="20230425 11:04:21.183" level="INFO">Clicking link '//*[@href="/account/signup"]'.</msg>
<status status="PASS" starttime="20230425 11:04:21.182" endtime="20230425 11:04:21.349"/>
</kw>
<kw name="Wait Until Page Contains" library="SeleniumLibrary">
<arg>Hello</arg>
<doc>Waits until ``text`` appears on the current page.</doc>
<status status="PASS" starttime="20230425 11:04:21.350" endtime="20230425 11:04:21.593"/>
</kw>
<kw name="Input username 1">
<kw name="Input Text" library="SeleniumLibrary">
<arg>//*[@name='username']</arg>
<arg>user1000</arg>
<doc>Types the given ``text`` into the text field identified by ``locator``.</doc>
<msg timestamp="20230425 11:04:21.595" level="INFO">Typing text 'user1000' into text field '//*[@name='username']'.</msg>
<status status="PASS" starttime="20230425 11:04:21.595" endtime="20230425 11:04:21.749"/>
</kw>
<kw name="Get Value" library="SeleniumLibrary">
<var>${username}</var>
<arg>//*[@name='username']</arg>
<doc>Returns the value attribute of the element identified by ``locator``.</doc>
<msg timestamp="20230425 11:04:21.780" level="INFO">${username} = user1000</msg>
<status status="PASS" starttime="20230425 11:04:21.750" endtime="20230425 11:04:21.780"/>
</kw>
<kw name="Should Be Equal" library="BuiltIn">
<arg>${username}</arg>
<arg>user1000</arg>
<doc>Fails if the given objects are unequal.</doc>
<status status="PASS" starttime="20230425 11:04:21.780" endtime="20230425 11:04:21.780"/>
</kw>
<status status="PASS" starttime="20230425 11:04:21.594" endtime="20230425 11:04:21.782"/>
</kw>
<kw name="Execute Javascript" library="SeleniumLibrary">
<arg>document.getElementById('birthdate').value = '2000-12-12'</arg>
<doc>Executes the given JavaScript code with possible arguments.</doc>
<msg timestamp="20230425 11:04:21.783" level="INFO">Executing JavaScript:
document.getElementById('birthdate').value = '2000-12-12'
Without any arguments.</msg>
<status status="PASS" starttime="20230425 11:04:21.782" endtime="20230425 11:04:21.791"/>
</kw>
<kw name="Click UserType Trainee">
<kw name="Click Element" library="SeleniumLibrary">
<arg>//*[@id='userType_arrow']</arg>
<doc>Click the element identified by ``locator``.</doc>
<msg timestamp="20230425 11:04:21.794" level="INFO">Clicking element '//*[@id='userType_arrow']'.</msg>
<status status="PASS" starttime="20230425 11:04:21.794" endtime="20230425 11:04:21.858"/>
</kw>
<kw name="Click Element" library="SeleniumLibrary">
<arg>//*[@id='userType_choice_2']</arg>
<doc>Click the element identified by ``locator``.</doc>
<msg timestamp="20230425 11:04:21.859" level="INFO">Clicking element '//*[@id='userType_choice_2']'.</msg>
<status status="PASS" starttime="20230425 11:04:21.858" endtime="20230425 11:04:21.922"/>
</kw>
<kw name="Click Element At Coordinates" library="SeleniumLibrary">
<arg>//*[@name='username']</arg>
<arg>0</arg>
<arg>0</arg>
<doc>Click the element ``locator`` at ``xoffset/yoffset``.</doc>
<msg timestamp="20230425 11:04:21.925" level="INFO">Clicking element '//*[@name='username']' at coordinates x=0, y=0.</msg>
<status status="PASS" starttime="20230425 11:04:21.923" endtime="20230425 11:04:22.478"/>
</kw>
<status status="PASS" starttime="20230425 11:04:21.792" endtime="20230425 11:04:22.478"/>
</kw>
<kw name="Click gender female">
<kw name="Click Element" library="SeleniumLibrary">
<arg>//*[@id='gender_arrow']</arg>
<doc>Click the element identified by ``locator``.</doc>
<msg timestamp="20230425 11:04:22.480" level="INFO">Clicking element '//*[@id='gender_arrow']'.</msg>
<status status="PASS" starttime="20230425 11:04:22.480" endtime="20230425 11:04:22.529"/>
</kw>
<kw name="Click Element" library="SeleniumLibrary">
<arg>//*[@id='gender_choice_2']</arg>
<doc>Click the element identified by ``locator``.</doc>
<msg timestamp="20230425 11:04:22.530" level="INFO">Clicking element '//*[@id='gender_choice_2']'.</msg>
<status status="PASS" starttime="20230425 11:04:22.529" endtime="20230425 11:04:22.579"/>
</kw>
<kw name="Click Element At Coordinates" library="SeleniumLibrary">
<arg>//*[@name='username']</arg>
<arg>0</arg>
<arg>0</arg>
<doc>Click the element ``locator`` at ``xoffset/yoffset``.</doc>
<msg timestamp="20230425 11:04:22.580" level="INFO">Clicking element '//*[@name='username']' at coordinates x=0, y=0.</msg>
<status status="PASS" starttime="20230425 11:04:22.579" endtime="20230425 11:04:23.132"/>
</kw>
<status status="PASS" starttime="20230425 11:04:22.478" endtime="20230425 11:04:23.133"/>
</kw>
<kw name="Input Text" library="SeleniumLibrary">
<arg>//*[@name='password']</arg>
<arg>123456789</arg>
<doc>Types the given ``text`` into the text field identified by ``locator``.</doc>
<msg timestamp="20230425 11:04:23.134" level="INFO">Typing text '123456789' into text field '//*[@name='password']'.</msg>
<status status="PASS" starttime="20230425 11:04:23.133" endtime="20230425 11:04:23.228"/>
</kw>
<kw name="Get Value" library="SeleniumLibrary">
<var>${password}</var>
<arg>//*[@name='password']</arg>
<doc>Returns the value attribute of the element identified by ``locator``.</doc>
<msg timestamp="20230425 11:04:23.250" level="INFO">${password} = 123456789</msg>
<status status="PASS" starttime="20230425 11:04:23.229" endtime="20230425 11:04:23.250"/>
</kw>
<kw name="Should Be Equal" library="BuiltIn">
<arg>${password}</arg>
<arg>123456789</arg>
<doc>Fails if the given objects are unequal.</doc>
<status status="PASS" starttime="20230425 11:04:23.251" endtime="20230425 11:04:23.251"/>
</kw>
<kw name="Input Text" library="SeleniumLibrary">
<arg>//*[@name='confirmPassword']</arg>
<arg>987654321</arg>
<doc>Types the given ``text`` into the text field identified by ``locator``.</doc>
<msg timestamp="20230425 11:04:23.253" level="INFO">Typing text '987654321' into text field '//*[@name='confirmPassword']'.</msg>
<status status="PASS" starttime="20230425 11:04:23.252" endtime="20230425 11:04:23.418"/>
</kw>
<kw name="Get Value" library="SeleniumLibrary">
<var>${password}</var>
<arg>//*[@name='confirmPassword']</arg>
<doc>Returns the value attribute of the element identified by ``locator``.</doc>
<msg timestamp="20230425 11:04:23.440" level="INFO">${password} = 987654321</msg>
<status status="PASS" starttime="20230425 11:04:23.420" endtime="20230425 11:04:23.440"/>
</kw>
<kw name="Should Be Equal" library="BuiltIn">
<arg>${password}</arg>
<arg>987654321</arg>
<doc>Fails if the given objects are unequal.</doc>
<status status="PASS" starttime="20230425 11:04:23.441" endtime="20230425 11:04:23.443"/>
</kw>
<kw name="Wait Until Page Contains" library="SeleniumLibrary">
<arg>Password does not match.</arg>
<doc>Waits until ``text`` appears on the current page.</doc>
<status status="PASS" starttime="20230425 11:04:23.444" endtime="20230425 11:04:23.460"/>
</kw>
<kw name="Sleep" library="BuiltIn">
<arg>0.5s</arg>
<doc>Pauses the test executed for the given time.</doc>
<msg timestamp="20230425 11:04:23.965" level="INFO">Slept 500 milliseconds</msg>
<status status="PASS" starttime="20230425 11:04:23.461" endtime="20230425 11:04:23.965"/>
</kw>
<kw name="Input Text" library="SeleniumLibrary">
<arg>//*[@name='confirmPassword']</arg>
<arg>123456789</arg>
<doc>Types the given ``text`` into the text field identified by ``locator``.</doc>
<msg timestamp="20230425 11:04:23.967" level="INFO">Typing text '123456789' into text field '//*[@name='confirmPassword']'.</msg>
<status status="PASS" starttime="20230425 11:04:23.966" endtime="20230425 11:04:24.046"/>
</kw>
<kw name="Get Value" library="SeleniumLibrary">
<var>${password}</var>
<arg>//*[@name='confirmPassword']</arg>
<doc>Returns the value attribute of the element identified by ``locator``.</doc>
<msg timestamp="20230425 11:04:24.066" level="INFO">${password} = 123456789</msg>
<status status="PASS" starttime="20230425 11:04:24.047" endtime="20230425 11:04:24.066"/>
</kw>
<kw name="Should Be Equal" library="BuiltIn">
<arg>${password}</arg>
<arg>123456789</arg>
<doc>Fails if the given objects are unequal.</doc>
<status status="PASS" starttime="20230425 11:04:24.067" endtime="20230425 11:04:24.068"/>
</kw>
<kw name="Input Text" library="SeleniumLibrary">
<arg>//*[@name='firstname']</arg>
<arg>nat1</arg>
<doc>Types the given ``text`` into the text field identified by ``locator``.</doc>
<msg timestamp="20230425 11:04:24.069" level="INFO">Typing text 'nat1' into text field '//*[@name='firstname']'.</msg>
<status status="PASS" starttime="20230425 11:04:24.069" endtime="20230425 11:04:24.195"/>
</kw>
<kw name="Get Value" library="SeleniumLibrary">
<var>${firstname}</var>
<arg>//*[@name='firstname']</arg>
<doc>Returns the value attribute of the element identified by ``locator``.</doc>
<msg timestamp="20230425 11:04:24.217" level="INFO">${firstname} = nat1</msg>
<status status="PASS" starttime="20230425 11:04:24.196" endtime="20230425 11:04:24.218"/>
</kw>
<kw name="Should Be Equal" library="BuiltIn">
<arg>${firstname}</arg>
<arg>nat1</arg>
<doc>Fails if the given objects are unequal.</doc>
<status status="PASS" starttime="20230425 11:04:24.219" endtime="20230425 11:04:24.220"/>
</kw>
<kw name="Input Text" library="SeleniumLibrary">
<arg>//*[@name='lastname']</arg>
<arg>haha</arg>
<doc>Types the given ``text`` into the text field identified by ``locator``.</doc>
<msg timestamp="20230425 11:04:24.222" level="INFO">Typing text 'haha' into text field '//*[@name='lastname']'.</msg>
<status status="PASS" starttime="20230425 11:04:24.221" endtime="20230425 11:04:24.339"/>
</kw>
<kw name="Get Value" library="SeleniumLibrary">
<var>${lastname}</var>
<arg>//*[@name='lastname']</arg>
<doc>Returns the value attribute of the element identified by ``locator``.</doc>
<msg timestamp="20230425 11:04:24.362" level="INFO">${lastname} = haha</msg>
<status status="PASS" starttime="20230425 11:04:24.340" endtime="20230425 11:04:24.363"/>
</kw>
<kw name="Should Be Equal" library="BuiltIn">
<arg>${lastname}</arg>
<arg>haha</arg>
<doc>Fails if the given objects are unequal.</doc>
<status status="PASS" starttime="20230425 11:04:24.363" endtime="20230425 11:04:24.364"/>
</kw>
<kw name="Input Text" library="SeleniumLibrary">
<arg>//*[@name='citizenId']</arg>
<arg>1234567890123</arg>
<doc>Types the given ``text`` into the text field identified by ``locator``.</doc>
<msg timestamp="20230425 11:04:24.367" level="INFO">Typing text '1234567890123' into text field '//*[@name='citizenId']'.</msg>
<status status="PASS" starttime="20230425 11:04:24.365" endtime="20230425 11:04:24.533"/>
</kw>
<kw name="Get Value" library="SeleniumLibrary">
<var>${citizenId}</var>
<arg>//*[@name='citizenId']</arg>
<doc>Returns the value attribute of the element identified by ``locator``.</doc>
<msg timestamp="20230425 11:04:24.553" level="INFO">${citizenId} = 1234567890123</msg>
<status status="PASS" starttime="20230425 11:04:24.534" endtime="20230425 11:04:24.553"/>
</kw>
<kw name="Should Be Equal" library="BuiltIn">
<arg>${citizenId}</arg>
<arg>1234567890123</arg>
<doc>Fails if the given objects are unequal.</doc>
<status status="PASS" starttime="20230425 11:04:24.554" endtime="20230425 11:04:24.555"/>
</kw>
<kw name="Input Text" library="SeleniumLibrary">
<arg>//*[@name='phoneNumber']</arg>
<arg>0984358769</arg>
<doc>Types the given ``text`` into the text field identified by ``locator``.</doc>
<msg timestamp="20230425 11:04:24.557" level="INFO">Typing text '0984358769' into text field '//*[@name='phoneNumber']'.</msg>
<status status="PASS" starttime="20230425 11:04:24.556" endtime="20230425 11:04:24.703"/>
</kw>
<kw name="Get Value" library="SeleniumLibrary">
<var>${phoneNumber}</var>
<arg>//*[@name='phoneNumber']</arg>
<doc>Returns the value attribute of the element identified by ``locator``.</doc>
<msg timestamp="20230425 11:04:24.724" level="INFO">${phoneNumber} = 0984358769</msg>
<status status="PASS" starttime="20230425 11:04:24.705" endtime="20230425 11:04:24.725"/>
</kw>
<kw name="Should Be Equal" library="BuiltIn">
<arg>${phoneNumber}</arg>
<arg>0984358769</arg>
<doc>Fails if the given objects are unequal.</doc>
<status status="PASS" starttime="20230425 11:04:24.726" endtime="20230425 11:04:24.727"/>
</kw>
<kw name="Input Text" library="SeleniumLibrary">
<arg>//*[@name='address']</arg>
<arg>Somerset Road, 111 Somerset, Singapore</arg>
<doc>Types the given ``text`` into the text field identified by ``locator``.</doc>
<msg timestamp="20230425 11:04:24.728" level="INFO">Typing text 'Somerset Road, 111 Somerset, Singapore' into text field '//*[@name='address']'.</msg>
<status status="PASS" starttime="20230425 11:04:24.728" endtime="20230425 11:04:25.035"/>
</kw>
<kw name="Get Value" library="SeleniumLibrary">
<var>${address}</var>
<arg>//*[@name='address']</arg>
<doc>Returns the value attribute of the element identified by ``locator``.</doc>
<msg timestamp="20230425 11:04:25.055" level="INFO">${address} = Somerset Road, 111 Somerset, Singapore</msg>
<status status="PASS" starttime="20230425 11:04:25.036" endtime="20230425 11:04:25.055"/>
</kw>
<kw name="Should Be Equal" library="BuiltIn">
<arg>${address}</arg>
<arg>Somerset Road, 111 Somerset, Singapore</arg>
<doc>Fails if the given objects are unequal.</doc>
<status status="PASS" starttime="20230425 11:04:25.056" endtime="20230425 11:04:25.057"/>
</kw>
<kw name="Click Element" library="SeleniumLibrary">
<arg>//*[@type='submit']</arg>
<doc>Click the element identified by ``locator``.</doc>
<msg timestamp="20230425 11:04:25.059" level="INFO">Clicking element '//*[@type='submit']'.</msg>
<status status="PASS" starttime="20230425 11:04:25.057" endtime="20230425 11:04:25.122"/>
</kw>
<kw name="Handle Alert" library="SeleniumLibrary">
<arg>accept</arg>
<doc>Handles the current alert and returns its message.</doc>
<msg timestamp="20230425 11:04:25.124" level="INFO">HANDLE::&lt;class 'NoneType'&gt;::None</msg>
<status status="PASS" starttime="20230425 11:04:25.123" endtime="20230425 11:04:25.636"/>
</kw>
<kw name="Sleep" library="BuiltIn">
<arg>5s</arg>
<doc>Pauses the test executed for the given time.</doc>
<msg timestamp="20230425 11:04:30.640" level="INFO">Slept 5 seconds</msg>
<status status="PASS" starttime="20230425 11:04:25.636" endtime="20230425 11:04:30.641"/>
</kw>
<status status="PASS" starttime="20230425 11:04:19.422" endtime="20230425 11:04:30.642"/>
</test>
<status status="PASS" starttime="20230425 11:04:19.036" endtime="20230425 11:04:30.643"/>
</suite>
<statistics>
<total>
<stat pass="1" fail="0" skip="0">All Tests</stat>
</total>
<tag>
</tag>
<suite>
<stat pass="1" fail="0" skip="0" id="s1" name="Simple">Simple</stat>
</suite>
</statistics>
<errors>
</errors>
</robot>
