<?xml version="1.0" encoding="UTF-8"?>
<robot generator="Robot 6.0.2 (Python 3.9.10 on win32)" generated="20230425 16:00:20.112" rpa="false" schemaversion="3">
<suite id="s1" name="Simple" source="c:\Users\lookn\looknat\Com\year3\semester_2\SE2\Robot_trainder\testcases\master\simple.robot">
<test id="s1-t1" name="Send input to form" line="133">
<kw name="Open Browser" library="SeleniumLibrary">
<arg>${WEB_URL}</arg>
<arg>chrome</arg>
<doc>Opens a new browser instance to the optional ``url``.</doc>
<msg timestamp="20230425 16:00:20.431" level="INFO">Opening browser 'chrome' to base url 'https://trainder.noppakorn.com/'.</msg>
<status status="PASS" starttime="20230425 16:00:20.429" endtime="20230425 16:00:21.966"/>
</kw>
<kw name="Wait Until Page Contains" library="SeleniumLibrary">
<arg>Welcome</arg>
<doc>Waits until ``text`` appears on the current page.</doc>
<status status="PASS" starttime="20230425 16:00:21.967" endtime="20230425 16:00:22.005"/>
</kw>
<kw name="Sleep" library="BuiltIn">
<arg>1s</arg>
<doc>Pauses the test executed for the given time.</doc>
<msg timestamp="20230425 16:00:23.022" level="INFO">Slept 1 second</msg>
<status status="PASS" starttime="20230425 16:00:22.007" endtime="20230425 16:00:23.023"/>
</kw>
<kw name="Click Link" library="SeleniumLibrary">
<arg>//*[@href="/account/signup"]</arg>
<doc>Clicks a link identified by ``locator``.</doc>
<msg timestamp="20230425 16:00:23.025" level="INFO">Clicking link '//*[@href="/account/signup"]'.</msg>
<status status="PASS" starttime="20230425 16:00:23.024" endtime="20230425 16:00:23.120"/>
</kw>
<kw name="Wait Until Page Contains" library="SeleniumLibrary">
<arg>Hello</arg>
<doc>Waits until ``text`` appears on the current page.</doc>
<status status="PASS" starttime="20230425 16:00:23.121" endtime="20230425 16:00:23.353"/>
</kw>
<kw name="Sleep" library="BuiltIn">
<arg>1s</arg>
<doc>Pauses the test executed for the given time.</doc>
<msg timestamp="20230425 16:00:24.356" level="INFO">Slept 1 second</msg>
<status status="PASS" starttime="20230425 16:00:23.354" endtime="20230425 16:00:24.357"/>
</kw>
<kw name="Check disable">
<kw name="Submit">
<kw name="Click Element" library="SeleniumLibrary">
<arg>//*[@type='submit']</arg>
<doc>Click the element identified by ``locator``.</doc>
<msg timestamp="20230425 16:00:24.359" level="INFO">Clicking element '//*[@type='submit']'.</msg>
<status status="PASS" starttime="20230425 16:00:24.358" endtime="20230425 16:00:24.399"/>
</kw>
<status status="PASS" starttime="20230425 16:00:24.358" endtime="20230425 16:00:24.399"/>
</kw>
<kw name="Element Should Be Disabled" library="SeleniumLibrary">
<arg>//*[@id="create_account_button"]</arg>
<doc>Verifies that element identified by ``locator`` is disabled.</doc>
<status status="PASS" starttime="20230425 16:00:24.399" endtime="20230425 16:00:24.419"/>
</kw>
<status status="PASS" starttime="20230425 16:00:24.358" endtime="20230425 16:00:24.419"/>
</kw>
<kw name="Input username 1">
<kw name="Input Text" library="SeleniumLibrary">
<arg>//*[@name='username']</arg>
<arg>${USERNAME}</arg>
<doc>Types the given ``text`` into the text field identified by ``locator``.</doc>
<msg timestamp="20230425 16:00:24.422" level="INFO">Typing text 'TESTGLOBAL6' into text field '//*[@name='username']'.</msg>
<status status="PASS" starttime="20230425 16:00:24.420" endtime="20230425 16:00:24.551"/>
</kw>
<kw name="Get Value" library="SeleniumLibrary">
<var>${_username}</var>
<arg>//*[@name='username']</arg>
<doc>Returns the value attribute of the element identified by ``locator``.</doc>
<msg timestamp="20230425 16:00:24.572" level="INFO">${_username} = TESTGLOBAL6</msg>
<status status="PASS" starttime="20230425 16:00:24.552" endtime="20230425 16:00:24.572"/>
</kw>
<kw name="Should Be Equal" library="BuiltIn">
<arg>${_username}</arg>
<arg>${USERNAME}</arg>
<doc>Fails if the given objects are unequal.</doc>
<status status="PASS" starttime="20230425 16:00:24.572" endtime="20230425 16:00:24.573"/>
</kw>
<status status="PASS" starttime="20230425 16:00:24.419" endtime="20230425 16:00:24.573"/>
</kw>
<kw name="Check disable">
<kw name="Submit">
<kw name="Click Element" library="SeleniumLibrary">
<arg>//*[@type='submit']</arg>
<doc>Click the element identified by ``locator``.</doc>
<msg timestamp="20230425 16:00:24.575" level="INFO">Clicking element '//*[@type='submit']'.</msg>
<status status="PASS" starttime="20230425 16:00:24.574" endtime="20230425 16:00:24.606"/>
</kw>
<status status="PASS" starttime="20230425 16:00:24.574" endtime="20230425 16:00:24.606"/>
</kw>
<kw name="Element Should Be Disabled" library="SeleniumLibrary">
<arg>//*[@id="create_account_button"]</arg>
<doc>Verifies that element identified by ``locator`` is disabled.</doc>
<status status="PASS" starttime="20230425 16:00:24.606" endtime="20230425 16:00:24.623"/>
</kw>
<status status="PASS" starttime="20230425 16:00:24.574" endtime="20230425 16:00:24.623"/>
</kw>
<kw name="Click UserType Trainee">
<kw name="Click Element" library="SeleniumLibrary">
<arg>//*[@id='userType_arrow']</arg>
<doc>Click the element identified by ``locator``.</doc>
<msg timestamp="20230425 16:00:24.624" level="INFO">Clicking element '//*[@id='userType_arrow']'.</msg>
<status status="PASS" starttime="20230425 16:00:24.624" endtime="20230425 16:00:24.673"/>
</kw>
<kw name="Click Element" library="SeleniumLibrary">
<arg>//*[@id='userType_choice_2']</arg>
<doc>Click the element identified by ``locator``.</doc>
<msg timestamp="20230425 16:00:24.674" level="INFO">Clicking element '//*[@id='userType_choice_2']'.</msg>
<status status="PASS" starttime="20230425 16:00:24.673" endtime="20230425 16:00:24.725"/>
</kw>
<kw name="Click Element At Coordinates" library="SeleniumLibrary">
<arg>//*[@name='username']</arg>
<arg>0</arg>
<arg>0</arg>
<doc>Click the element ``locator`` at ``xoffset/yoffset``.</doc>
<msg timestamp="20230425 16:00:24.726" level="INFO">Clicking element '//*[@name='username']' at coordinates x=0, y=0.</msg>
<status status="PASS" starttime="20230425 16:00:24.726" endtime="20230425 16:00:25.315"/>
</kw>
<status status="PASS" starttime="20230425 16:00:24.623" endtime="20230425 16:00:25.315"/>
</kw>
<kw name="Check disable">
<kw name="Submit">
<kw name="Click Element" library="SeleniumLibrary">
<arg>//*[@type='submit']</arg>
<doc>Click the element identified by ``locator``.</doc>
<msg timestamp="20230425 16:00:25.316" level="INFO">Clicking element '//*[@type='submit']'.</msg>
<status status="PASS" starttime="20230425 16:00:25.316" endtime="20230425 16:00:25.350"/>
</kw>
<status status="PASS" starttime="20230425 16:00:25.316" endtime="20230425 16:00:25.350"/>
</kw>
<kw name="Element Should Be Disabled" library="SeleniumLibrary">
<arg>//*[@id="create_account_button"]</arg>
<doc>Verifies that element identified by ``locator`` is disabled.</doc>
<status status="PASS" starttime="20230425 16:00:25.350" endtime="20230425 16:00:25.364"/>
</kw>
<status status="PASS" starttime="20230425 16:00:25.315" endtime="20230425 16:00:25.364"/>
</kw>
<kw name="Input password">
<kw name="Input Text" library="SeleniumLibrary">
<arg>//*[@name='password']</arg>
<arg>123456789</arg>
<doc>Types the given ``text`` into the text field identified by ``locator``.</doc>
<msg timestamp="20230425 16:00:25.366" level="INFO">Typing text '123456789' into text field '//*[@name='password']'.</msg>
<status status="PASS" starttime="20230425 16:00:25.366" endtime="20230425 16:00:25.459"/>
</kw>
<kw name="Get Value" library="SeleniumLibrary">
<var>${password}</var>
<arg>//*[@name='password']</arg>
<doc>Returns the value attribute of the element identified by ``locator``.</doc>
<msg timestamp="20230425 16:00:25.480" level="INFO">${password} = 123456789</msg>
<status status="PASS" starttime="20230425 16:00:25.459" endtime="20230425 16:00:25.481"/>
</kw>
<kw name="Should Be Equal" library="BuiltIn">
<arg>${password}</arg>
<arg>123456789</arg>
<doc>Fails if the given objects are unequal.</doc>
<status status="PASS" starttime="20230425 16:00:25.481" endtime="20230425 16:00:25.481"/>
</kw>
<status status="PASS" starttime="20230425 16:00:25.365" endtime="20230425 16:00:25.482"/>
</kw>
<kw name="Check disable">
<kw name="Submit">
<kw name="Click Element" library="SeleniumLibrary">
<arg>//*[@type='submit']</arg>
<doc>Click the element identified by ``locator``.</doc>
<msg timestamp="20230425 16:00:25.484" level="INFO">Clicking element '//*[@type='submit']'.</msg>
<status status="PASS" starttime="20230425 16:00:25.483" endtime="20230425 16:00:25.515"/>
</kw>
<status status="PASS" starttime="20230425 16:00:25.483" endtime="20230425 16:00:25.515"/>
</kw>
<kw name="Element Should Be Disabled" library="SeleniumLibrary">
<arg>//*[@id="create_account_button"]</arg>
<doc>Verifies that element identified by ``locator`` is disabled.</doc>
<status status="PASS" starttime="20230425 16:00:25.515" endtime="20230425 16:00:25.531"/>
</kw>
<status status="PASS" starttime="20230425 16:00:25.482" endtime="20230425 16:00:25.531"/>
</kw>
<kw name="Input confirm password incorrect">
<kw name="Input Text" library="SeleniumLibrary">
<arg>//*[@name='confirmPassword']</arg>
<arg>987654321</arg>
<doc>Types the given ``text`` into the text field identified by ``locator``.</doc>
<msg timestamp="20230425 16:00:25.533" level="INFO">Typing text '987654321' into text field '//*[@name='confirmPassword']'.</msg>
<status status="PASS" starttime="20230425 16:00:25.532" endtime="20230425 16:00:25.636"/>
</kw>
<kw name="Get Value" library="SeleniumLibrary">
<var>${password}</var>
<arg>//*[@name='confirmPassword']</arg>
<doc>Returns the value attribute of the element identified by ``locator``.</doc>
<msg timestamp="20230425 16:00:25.655" level="INFO">${password} = 987654321</msg>
<status status="PASS" starttime="20230425 16:00:25.636" endtime="20230425 16:00:25.655"/>
</kw>
<kw name="Should Be Equal" library="BuiltIn">
<arg>${password}</arg>
<arg>987654321</arg>
<doc>Fails if the given objects are unequal.</doc>
<status status="PASS" starttime="20230425 16:00:25.656" endtime="20230425 16:00:25.656"/>
</kw>
<status status="PASS" starttime="20230425 16:00:25.531" endtime="20230425 16:00:25.656"/>
</kw>
<kw name="Check disable">
<kw name="Submit">
<kw name="Click Element" library="SeleniumLibrary">
<arg>//*[@type='submit']</arg>
<doc>Click the element identified by ``locator``.</doc>
<msg timestamp="20230425 16:00:25.676" level="INFO">Clicking element '//*[@type='submit']'.</msg>
<status status="PASS" starttime="20230425 16:00:25.675" endtime="20230425 16:00:25.710"/>
</kw>
<status status="PASS" starttime="20230425 16:00:25.657" endtime="20230425 16:00:25.710"/>
</kw>
<kw name="Element Should Be Disabled" library="SeleniumLibrary">
<arg>//*[@id="create_account_button"]</arg>
<doc>Verifies that element identified by ``locator`` is disabled.</doc>
<status status="PASS" starttime="20230425 16:00:25.711" endtime="20230425 16:00:25.726"/>
</kw>
<status status="PASS" starttime="20230425 16:00:25.657" endtime="20230425 16:00:25.726"/>
</kw>
<kw name="Input confirm password correct">
<kw name="Input Text" library="SeleniumLibrary">
<arg>//*[@name='confirmPassword']</arg>
<arg>123456789</arg>
<doc>Types the given ``text`` into the text field identified by ``locator``.</doc>
<msg timestamp="20230425 16:00:25.728" level="INFO">Typing text '123456789' into text field '//*[@name='confirmPassword']'.</msg>
<status status="PASS" starttime="20230425 16:00:25.727" endtime="20230425 16:00:25.819"/>
</kw>
<kw name="Get Value" library="SeleniumLibrary">
<var>${password}</var>
<arg>//*[@name='confirmPassword']</arg>
<doc>Returns the value attribute of the element identified by ``locator``.</doc>
<msg timestamp="20230425 16:00:25.840" level="INFO">${password} = 123456789</msg>
<status status="PASS" starttime="20230425 16:00:25.819" endtime="20230425 16:00:25.841"/>
</kw>
<kw name="Should Be Equal" library="BuiltIn">
<arg>${password}</arg>
<arg>123456789</arg>
<doc>Fails if the given objects are unequal.</doc>
<status status="PASS" starttime="20230425 16:00:25.841" endtime="20230425 16:00:25.842"/>
</kw>
<status status="PASS" starttime="20230425 16:00:25.727" endtime="20230425 16:00:25.842"/>
</kw>
<kw name="Check disable">
<kw name="Submit">
<kw name="Click Element" library="SeleniumLibrary">
<arg>//*[@type='submit']</arg>
<doc>Click the element identified by ``locator``.</doc>
<msg timestamp="20230425 16:00:25.844" level="INFO">Clicking element '//*[@type='submit']'.</msg>
<status status="PASS" starttime="20230425 16:00:25.844" endtime="20230425 16:00:25.878"/>
</kw>
<status status="PASS" starttime="20230425 16:00:25.843" endtime="20230425 16:00:25.878"/>
</kw>
<kw name="Element Should Be Disabled" library="SeleniumLibrary">
<arg>//*[@id="create_account_button"]</arg>
<doc>Verifies that element identified by ``locator`` is disabled.</doc>
<status status="PASS" starttime="20230425 16:00:25.879" endtime="20230425 16:00:25.894"/>
</kw>
<status status="PASS" starttime="20230425 16:00:25.843" endtime="20230425 16:00:25.894"/>
</kw>
<kw name="Input firstname wrong">
<kw name="Input Text" library="SeleniumLibrary">
<arg>//*[@name='firstname']</arg>
<arg>testFirstname1</arg>
<doc>Types the given ``text`` into the text field identified by ``locator``.</doc>
<msg timestamp="20230425 16:00:25.896" level="INFO">Typing text 'testFirstname1' into text field '//*[@name='firstname']'.</msg>
<status status="PASS" starttime="20230425 16:00:25.896" endtime="20230425 16:00:26.043"/>
</kw>
<kw name="Get Value" library="SeleniumLibrary">
<var>${firstname}</var>
<arg>//*[@name='firstname']</arg>
<doc>Returns the value attribute of the element identified by ``locator``.</doc>
<msg timestamp="20230425 16:00:26.061" level="INFO">${firstname} = testFirstname1</msg>
<status status="PASS" starttime="20230425 16:00:26.044" endtime="20230425 16:00:26.061"/>
</kw>
<kw name="Should Be Equal" library="BuiltIn">
<arg>${firstname}</arg>
<arg>testFirstname1</arg>
<doc>Fails if the given objects are unequal.</doc>
<status status="PASS" starttime="20230425 16:00:26.061" endtime="20230425 16:00:26.061"/>
</kw>
<status status="PASS" starttime="20230425 16:00:25.895" endtime="20230425 16:00:26.062"/>
</kw>
<kw name="Check disable">
<kw name="Submit">
<kw name="Click Element" library="SeleniumLibrary">
<arg>//*[@type='submit']</arg>
<doc>Click the element identified by ``locator``.</doc>
<msg timestamp="20230425 16:00:26.064" level="INFO">Clicking element '//*[@type='submit']'.</msg>
<status status="PASS" starttime="20230425 16:00:26.063" endtime="20230425 16:00:26.097"/>
</kw>
<status status="PASS" starttime="20230425 16:00:26.063" endtime="20230425 16:00:26.099"/>
</kw>
<kw name="Element Should Be Disabled" library="SeleniumLibrary">
<arg>//*[@id="create_account_button"]</arg>
<doc>Verifies that element identified by ``locator`` is disabled.</doc>
<status status="PASS" starttime="20230425 16:00:26.099" endtime="20230425 16:00:26.114"/>
</kw>
<status status="PASS" starttime="20230425 16:00:26.062" endtime="20230425 16:00:26.115"/>
</kw>
<kw name="Input lastname wrong">
<kw name="Input Text" library="SeleniumLibrary">
<arg>//*[@name='lastname']</arg>
<arg>testLastname1</arg>
<doc>Types the given ``text`` into the text field identified by ``locator``.</doc>
<msg timestamp="20230425 16:00:26.117" level="INFO">Typing text 'testLastname1' into text field '//*[@name='lastname']'.</msg>
<status status="PASS" starttime="20230425 16:00:26.116" endtime="20230425 16:00:26.260"/>
</kw>
<kw name="Get Value" library="SeleniumLibrary">
<var>${lastname}</var>
<arg>//*[@name='lastname']</arg>
<doc>Returns the value attribute of the element identified by ``locator``.</doc>
<msg timestamp="20230425 16:00:26.281" level="INFO">${lastname} = testLastname1</msg>
<status status="PASS" starttime="20230425 16:00:26.260" endtime="20230425 16:00:26.281"/>
</kw>
<kw name="Should Be Equal" library="BuiltIn">
<arg>${lastname}</arg>
<arg>testLastname1</arg>
<doc>Fails if the given objects are unequal.</doc>
<status status="PASS" starttime="20230425 16:00:26.281" endtime="20230425 16:00:26.281"/>
</kw>
<status status="PASS" starttime="20230425 16:00:26.115" endtime="20230425 16:00:26.282"/>
</kw>
<kw name="Check disable">
<kw name="Submit">
<kw name="Click Element" library="SeleniumLibrary">
<arg>//*[@type='submit']</arg>
<doc>Click the element identified by ``locator``.</doc>
<msg timestamp="20230425 16:00:26.283" level="INFO">Clicking element '//*[@type='submit']'.</msg>
<status status="PASS" starttime="20230425 16:00:26.283" endtime="20230425 16:00:26.310"/>
</kw>
<status status="PASS" starttime="20230425 16:00:26.283" endtime="20230425 16:00:26.311"/>
</kw>
<kw name="Element Should Be Disabled" library="SeleniumLibrary">
<arg>//*[@id="create_account_button"]</arg>
<doc>Verifies that element identified by ``locator`` is disabled.</doc>
<status status="PASS" starttime="20230425 16:00:26.311" endtime="20230425 16:00:26.324"/>
</kw>
<status status="PASS" starttime="20230425 16:00:26.282" endtime="20230425 16:00:26.324"/>
</kw>
<kw name="Input date wrong">
<kw name="Execute Javascript" library="SeleniumLibrary">
<arg>document.getElementById('birthdate').value = '2666-12-12'</arg>
<doc>Executes the given JavaScript code with possible arguments.</doc>
<msg timestamp="20230425 16:00:26.326" level="INFO">Executing JavaScript:
document.getElementById('birthdate').value = '2666-12-12'
Without any arguments.</msg>
<status status="PASS" starttime="20230425 16:00:26.326" endtime="20230425 16:00:26.333"/>
</kw>
<status status="PASS" starttime="20230425 16:00:26.325" endtime="20230425 16:00:26.334"/>
</kw>
<kw name="Check disable">
<kw name="Submit">
<kw name="Click Element" library="SeleniumLibrary">
<arg>//*[@type='submit']</arg>
<doc>Click the element identified by ``locator``.</doc>
<msg timestamp="20230425 16:00:26.336" level="INFO">Clicking element '//*[@type='submit']'.</msg>
<status status="PASS" starttime="20230425 16:00:26.335" endtime="20230425 16:00:26.364"/>
</kw>
<status status="PASS" starttime="20230425 16:00:26.335" endtime="20230425 16:00:26.364"/>
</kw>
<kw name="Element Should Be Disabled" library="SeleniumLibrary">
<arg>//*[@id="create_account_button"]</arg>
<doc>Verifies that element identified by ``locator`` is disabled.</doc>
<status status="PASS" starttime="20230425 16:00:26.364" endtime="20230425 16:00:26.378"/>
</kw>
<status status="PASS" starttime="20230425 16:00:26.335" endtime="20230425 16:00:26.379"/>
</kw>
<kw name="Input citizenId wrong">
<kw name="Input Text" library="SeleniumLibrary">
<arg>//*[@name='citizenId']</arg>
<arg>1234567890</arg>
<doc>Types the given ``text`` into the text field identified by ``locator``.</doc>
<msg timestamp="20230425 16:00:26.380" level="INFO">Typing text '1234567890' into text field '//*[@name='citizenId']'.</msg>
<status status="PASS" starttime="20230425 16:00:26.380" endtime="20230425 16:00:26.513"/>
</kw>
<kw name="Get Value" library="SeleniumLibrary">
<var>${citizenId}</var>
<arg>//*[@name='citizenId']</arg>
<doc>Returns the value attribute of the element identified by ``locator``.</doc>
<msg timestamp="20230425 16:00:26.529" level="INFO">${citizenId} = 1234567890</msg>
<status status="PASS" starttime="20230425 16:00:26.513" endtime="20230425 16:00:26.529"/>
</kw>
<kw name="Should Be Equal" library="BuiltIn">
<arg>${citizenId}</arg>
<arg>1234567890</arg>
<doc>Fails if the given objects are unequal.</doc>
<status status="PASS" starttime="20230425 16:00:26.530" endtime="20230425 16:00:26.530"/>
</kw>
<status status="PASS" starttime="20230425 16:00:26.379" endtime="20230425 16:00:26.530"/>
</kw>
<kw name="Check disable">
<kw name="Submit">
<kw name="Click Element" library="SeleniumLibrary">
<arg>//*[@type='submit']</arg>
<doc>Click the element identified by ``locator``.</doc>
<msg timestamp="20230425 16:00:26.532" level="INFO">Clicking element '//*[@type='submit']'.</msg>
<status status="PASS" starttime="20230425 16:00:26.531" endtime="20230425 16:00:26.561"/>
</kw>
<status status="PASS" starttime="20230425 16:00:26.531" endtime="20230425 16:00:26.561"/>
</kw>
<kw name="Element Should Be Disabled" library="SeleniumLibrary">
<arg>//*[@id="create_account_button"]</arg>
<doc>Verifies that element identified by ``locator`` is disabled.</doc>
<status status="PASS" starttime="20230425 16:00:26.561" endtime="20230425 16:00:26.576"/>
</kw>
<status status="PASS" starttime="20230425 16:00:26.531" endtime="20230425 16:00:26.577"/>
</kw>
<kw name="Input phoneNumber wrong">
<kw name="Input Text" library="SeleniumLibrary">
<arg>//*[@name='phoneNumber']</arg>
<arg>09843</arg>
<doc>Types the given ``text`` into the text field identified by ``locator``.</doc>
<msg timestamp="20230425 16:00:26.578" level="INFO">Typing text '09843' into text field '//*[@name='phoneNumber']'.</msg>
<status status="PASS" starttime="20230425 16:00:26.577" endtime="20230425 16:00:26.676"/>
</kw>
<kw name="Get Value" library="SeleniumLibrary">
<var>${phoneNumber}</var>
<arg>//*[@name='phoneNumber']</arg>
<doc>Returns the value attribute of the element identified by ``locator``.</doc>
<msg timestamp="20230425 16:00:26.691" level="INFO">${phoneNumber} = 09843</msg>
<status status="PASS" starttime="20230425 16:00:26.676" endtime="20230425 16:00:26.693"/>
</kw>
<kw name="Should Be Equal" library="BuiltIn">
<arg>${phoneNumber}</arg>
<arg>09843</arg>
<doc>Fails if the given objects are unequal.</doc>
<status status="PASS" starttime="20230425 16:00:26.693" endtime="20230425 16:00:26.694"/>
</kw>
<status status="PASS" starttime="20230425 16:00:26.577" endtime="20230425 16:00:26.694"/>
</kw>
<kw name="Check disable">
<kw name="Submit">
<kw name="Click Element" library="SeleniumLibrary">
<arg>//*[@type='submit']</arg>
<doc>Click the element identified by ``locator``.</doc>
<msg timestamp="20230425 16:00:26.697" level="INFO">Clicking element '//*[@type='submit']'.</msg>
<status status="PASS" starttime="20230425 16:00:26.696" endtime="20230425 16:00:26.726"/>
</kw>
<status status="PASS" starttime="20230425 16:00:26.696" endtime="20230425 16:00:26.726"/>
</kw>
<kw name="Element Should Be Disabled" library="SeleniumLibrary">
<arg>//*[@id="create_account_button"]</arg>
<doc>Verifies that element identified by ``locator`` is disabled.</doc>
<status status="PASS" starttime="20230425 16:00:26.726" endtime="20230425 16:00:26.745"/>
</kw>
<status status="PASS" starttime="20230425 16:00:26.695" endtime="20230425 16:00:26.746"/>
</kw>
<kw name="Click gender female">
<kw name="Click Element" library="SeleniumLibrary">
<arg>//*[@id='gender_arrow']</arg>
<doc>Click the element identified by ``locator``.</doc>
<msg timestamp="20230425 16:00:26.750" level="INFO">Clicking element '//*[@id='gender_arrow']'.</msg>
<status status="PASS" starttime="20230425 16:00:26.749" endtime="20230425 16:00:26.817"/>
</kw>
<kw name="Click Element" library="SeleniumLibrary">
<arg>//*[@id='gender_choice_2']</arg>
<doc>Click the element identified by ``locator``.</doc>
<msg timestamp="20230425 16:00:26.819" level="INFO">Clicking element '//*[@id='gender_choice_2']'.</msg>
<status status="PASS" starttime="20230425 16:00:26.817" endtime="20230425 16:00:26.878"/>
</kw>
<kw name="Click Element At Coordinates" library="SeleniumLibrary">
<arg>//*[@name='username']</arg>
<arg>0</arg>
<arg>0</arg>
<doc>Click the element ``locator`` at ``xoffset/yoffset``.</doc>
<msg timestamp="20230425 16:00:26.879" level="INFO">Clicking element '//*[@name='username']' at coordinates x=0, y=0.</msg>
<status status="PASS" starttime="20230425 16:00:26.879" endtime="20230425 16:00:27.429"/>
</kw>
<status status="PASS" starttime="20230425 16:00:26.748" endtime="20230425 16:00:27.430"/>
</kw>
<kw name="Check disable">
<kw name="Submit">
<kw name="Click Element" library="SeleniumLibrary">
<arg>//*[@type='submit']</arg>
<doc>Click the element identified by ``locator``.</doc>
<msg timestamp="20230425 16:00:27.431" level="INFO">Clicking element '//*[@type='submit']'.</msg>
<status status="PASS" starttime="20230425 16:00:27.431" endtime="20230425 16:00:27.457"/>
</kw>
<status status="PASS" starttime="20230425 16:00:27.430" endtime="20230425 16:00:27.458"/>
</kw>
<kw name="Element Should Be Disabled" library="SeleniumLibrary">
<arg>//*[@id="create_account_button"]</arg>
<doc>Verifies that element identified by ``locator`` is disabled.</doc>
<status status="PASS" starttime="20230425 16:00:27.458" endtime="20230425 16:00:27.473"/>
</kw>
<status status="PASS" starttime="20230425 16:00:27.430" endtime="20230425 16:00:27.473"/>
</kw>
<kw name="Input address">
<kw name="Input Text" library="SeleniumLibrary">
<arg>//*[@name='address']</arg>
<arg>วัดบางพลีใหญ่กลาง Bang Phli Yai, Bang Phli District, Samut Prakan, Thailand</arg>
<doc>Types the given ``text`` into the text field identified by ``locator``.</doc>
<msg timestamp="20230425 16:00:27.475" level="INFO">Typing text 'วัดบางพลีใหญ่กลาง Bang Phli Yai, Bang Phli District, Samut Prakan, Thailand' into text field '//*[@name='address']'.</msg>
<status status="PASS" starttime="20230425 16:00:27.474" endtime="20230425 16:00:27.885"/>
</kw>
<kw name="Get Value" library="SeleniumLibrary">
<var>${address}</var>
<arg>//*[@name='address']</arg>
<doc>Returns the value attribute of the element identified by ``locator``.</doc>
<msg timestamp="20230425 16:00:27.905" level="INFO">${address} = วัดบางพลีใหญ่กลาง Bang Phli Yai, Bang Phli District, Samut Prakan, Thailand</msg>
<status status="PASS" starttime="20230425 16:00:27.885" endtime="20230425 16:00:27.905"/>
</kw>
<kw name="Should Be Equal" library="BuiltIn">
<arg>${address}</arg>
<arg>วัดบางพลีใหญ่กลาง Bang Phli Yai, Bang Phli District, Samut Prakan, Thailand</arg>
<doc>Fails if the given objects are unequal.</doc>
<status status="PASS" starttime="20230425 16:00:27.905" endtime="20230425 16:00:27.905"/>
</kw>
<status status="PASS" starttime="20230425 16:00:27.474" endtime="20230425 16:00:27.906"/>
</kw>
<kw name="Submit">
<kw name="Click Element" library="SeleniumLibrary">
<arg>//*[@type='submit']</arg>
<doc>Click the element identified by ``locator``.</doc>
<msg timestamp="20230425 16:00:27.908" level="INFO">Clicking element '//*[@type='submit']'.</msg>
<status status="PASS" starttime="20230425 16:00:27.908" endtime="20230425 16:00:27.958"/>
</kw>
<status status="PASS" starttime="20230425 16:00:27.906" endtime="20230425 16:00:27.958"/>
</kw>
<kw name="Get Element Attribute" library="SeleniumLibrary">
<var>${err}</var>
<arg>//*[@name='citizenId']</arg>
<arg>validationMessage</arg>
<doc>Returns the value of ``attribute`` from the element ``locator``.</doc>
<msg timestamp="20230425 16:00:27.978" level="INFO">${err} = Please match the requested format.</msg>
<status status="PASS" starttime="20230425 16:00:27.959" endtime="20230425 16:00:27.978"/>
</kw>
<kw name="Should Be Equal" library="BuiltIn">
<arg>${err}</arg>
<arg>Please match the requested format.</arg>
<doc>Fails if the given objects are unequal.</doc>
<status status="PASS" starttime="20230425 16:00:27.979" endtime="20230425 16:00:27.979"/>
</kw>
<kw name="Sleep" library="BuiltIn">
<arg>1s</arg>
<doc>Pauses the test executed for the given time.</doc>
<msg timestamp="20230425 16:00:28.994" level="INFO">Slept 1 second</msg>
<status status="PASS" starttime="20230425 16:00:27.982" endtime="20230425 16:00:28.995"/>
</kw>
<kw name="Input citizenId">
<kw name="Input Text" library="SeleniumLibrary">
<arg>//*[@name='citizenId']</arg>
<arg>1234567890123</arg>
<doc>Types the given ``text`` into the text field identified by ``locator``.</doc>
<msg timestamp="20230425 16:00:28.997" level="INFO">Typing text '1234567890123' into text field '//*[@name='citizenId']'.</msg>
<status status="PASS" starttime="20230425 16:00:28.996" endtime="20230425 16:00:29.141"/>
</kw>
<kw name="Get Value" library="SeleniumLibrary">
<var>${citizenId}</var>
<arg>//*[@name='citizenId']</arg>
<doc>Returns the value attribute of the element identified by ``locator``.</doc>
<msg timestamp="20230425 16:00:29.159" level="INFO">${citizenId} = 1234567890123</msg>
<status status="PASS" starttime="20230425 16:00:29.141" endtime="20230425 16:00:29.159"/>
</kw>
<kw name="Should Be Equal" library="BuiltIn">
<arg>${citizenId}</arg>
<arg>1234567890123</arg>
<doc>Fails if the given objects are unequal.</doc>
<status status="PASS" starttime="20230425 16:00:29.159" endtime="20230425 16:00:29.159"/>
</kw>
<status status="PASS" starttime="20230425 16:00:28.996" endtime="20230425 16:00:29.160"/>
</kw>
<kw name="Submit">
<kw name="Click Element" library="SeleniumLibrary">
<arg>//*[@type='submit']</arg>
<doc>Click the element identified by ``locator``.</doc>
<msg timestamp="20230425 16:00:29.163" level="INFO">Clicking element '//*[@type='submit']'.</msg>
<status status="PASS" starttime="20230425 16:00:29.163" endtime="20230425 16:00:29.206"/>
</kw>
<status status="PASS" starttime="20230425 16:00:29.161" endtime="20230425 16:00:29.206"/>
</kw>
<kw name="Get Element Attribute" library="SeleniumLibrary">
<var>${err}</var>
<arg>//*[@name='phoneNumber']</arg>
<arg>validationMessage</arg>
<doc>Returns the value of ``attribute`` from the element ``locator``.</doc>
<msg timestamp="20230425 16:00:29.224" level="INFO">${err} = Please match the requested format.</msg>
<status status="PASS" starttime="20230425 16:00:29.206" endtime="20230425 16:00:29.224"/>
</kw>
<kw name="Should Be Equal" library="BuiltIn">
<arg>${err}</arg>
<arg>Please match the requested format.</arg>
<doc>Fails if the given objects are unequal.</doc>
<status status="PASS" starttime="20230425 16:00:29.225" endtime="20230425 16:00:29.225"/>
</kw>
<kw name="Sleep" library="BuiltIn">
<arg>1s</arg>
<doc>Pauses the test executed for the given time.</doc>
<msg timestamp="20230425 16:00:30.230" level="INFO">Slept 1 second</msg>
<status status="PASS" starttime="20230425 16:00:29.226" endtime="20230425 16:00:30.231"/>
</kw>
<kw name="Input phoneNumber">
<kw name="Input Text" library="SeleniumLibrary">
<arg>//*[@name='phoneNumber']</arg>
<arg>0984358769</arg>
<doc>Types the given ``text`` into the text field identified by ``locator``.</doc>
<msg timestamp="20230425 16:00:30.233" level="INFO">Typing text '0984358769' into text field '//*[@name='phoneNumber']'.</msg>
<status status="PASS" starttime="20230425 16:00:30.232" endtime="20230425 16:00:30.348"/>
</kw>
<kw name="Get Value" library="SeleniumLibrary">
<var>${phoneNumber}</var>
<arg>//*[@name='phoneNumber']</arg>
<doc>Returns the value attribute of the element identified by ``locator``.</doc>
<msg timestamp="20230425 16:00:30.363" level="INFO">${phoneNumber} = 0984358769</msg>
<status status="PASS" starttime="20230425 16:00:30.349" endtime="20230425 16:00:30.363"/>
</kw>
<kw name="Should Be Equal" library="BuiltIn">
<arg>${phoneNumber}</arg>
<arg>0984358769</arg>
<doc>Fails if the given objects are unequal.</doc>
<status status="PASS" starttime="20230425 16:00:30.365" endtime="20230425 16:00:30.365"/>
</kw>
<status status="PASS" starttime="20230425 16:00:30.231" endtime="20230425 16:00:30.365"/>
</kw>
<kw name="Submit">
<kw name="Click Element" library="SeleniumLibrary">
<arg>//*[@type='submit']</arg>
<doc>Click the element identified by ``locator``.</doc>
<msg timestamp="20230425 16:00:30.367" level="INFO">Clicking element '//*[@type='submit']'.</msg>
<status status="PASS" starttime="20230425 16:00:30.367" endtime="20230425 16:00:30.410"/>
</kw>
<status status="PASS" starttime="20230425 16:00:30.366" endtime="20230425 16:00:30.410"/>
</kw>
<kw name="Sleep" library="BuiltIn">
<arg>1s</arg>
<doc>Pauses the test executed for the given time.</doc>
<msg timestamp="20230425 16:00:31.424" level="INFO">Slept 1 second</msg>
<status status="PASS" starttime="20230425 16:00:30.411" endtime="20230425 16:00:31.425"/>
</kw>
<kw name="Handle Alert" library="SeleniumLibrary">
<var>${alert_text}</var>
<arg>timeout=10s</arg>
<doc>Handles the current alert and returns its message.</doc>
<msg timestamp="20230425 16:00:31.427" level="INFO">HANDLE::&lt;class 'datetime.timedelta'&gt;::0:00:10</msg>
<msg timestamp="20230425 16:00:31.435" level="INFO">${alert_text} = firstName invalid</msg>
<status status="PASS" starttime="20230425 16:00:31.426" endtime="20230425 16:00:31.435"/>
</kw>
<kw name="Should Be Equal As Strings" library="BuiltIn">
<arg>${alert_text}</arg>
<arg>firstName invalid</arg>
<doc>Fails if objects are unequal after converting them to strings.</doc>
<status status="PASS" starttime="20230425 16:00:31.436" endtime="20230425 16:00:31.438"/>
</kw>
<kw name="Input firstname">
<kw name="Input Text" library="SeleniumLibrary">
<arg>//*[@name='firstname']</arg>
<arg>testFirstname</arg>
<doc>Types the given ``text`` into the text field identified by ``locator``.</doc>
<msg timestamp="20230425 16:00:31.440" level="INFO">Typing text 'testFirstname' into text field '//*[@name='firstname']'.</msg>
<status status="PASS" starttime="20230425 16:00:31.439" endtime="20230425 16:00:31.568"/>
</kw>
<kw name="Get Value" library="SeleniumLibrary">
<var>${firstname}</var>
<arg>//*[@name='firstname']</arg>
<doc>Returns the value attribute of the element identified by ``locator``.</doc>
<msg timestamp="20230425 16:00:31.626" level="INFO">${firstname} = testFirstname</msg>
<status status="PASS" starttime="20230425 16:00:31.568" endtime="20230425 16:00:31.627"/>
</kw>
<kw name="Should Be Equal" library="BuiltIn">
<arg>${firstname}</arg>
<arg>testFirstname</arg>
<doc>Fails if the given objects are unequal.</doc>
<status status="PASS" starttime="20230425 16:00:31.627" endtime="20230425 16:00:31.627"/>
</kw>
<status status="PASS" starttime="20230425 16:00:31.438" endtime="20230425 16:00:31.627"/>
</kw>
<kw name="Submit">
<kw name="Click Element" library="SeleniumLibrary">
<arg>//*[@type='submit']</arg>
<doc>Click the element identified by ``locator``.</doc>
<msg timestamp="20230425 16:00:31.630" level="INFO">Clicking element '//*[@type='submit']'.</msg>
<status status="PASS" starttime="20230425 16:00:31.630" endtime="20230425 16:00:31.666"/>
</kw>
<status status="PASS" starttime="20230425 16:00:31.628" endtime="20230425 16:00:31.666"/>
</kw>
<kw name="Sleep" library="BuiltIn">
<arg>1s</arg>
<doc>Pauses the test executed for the given time.</doc>
<msg timestamp="20230425 16:00:32.682" level="INFO">Slept 1 second</msg>
<status status="PASS" starttime="20230425 16:00:31.668" endtime="20230425 16:00:32.682"/>
</kw>
<kw name="Handle Alert" library="SeleniumLibrary">
<var>${alert_text}</var>
<arg>timeout=10s</arg>
<doc>Handles the current alert and returns its message.</doc>
<msg timestamp="20230425 16:00:32.685" level="INFO">HANDLE::&lt;class 'datetime.timedelta'&gt;::0:00:10</msg>
<msg timestamp="20230425 16:00:32.692" level="INFO">${alert_text} = lastName invalid</msg>
<status status="PASS" starttime="20230425 16:00:32.684" endtime="20230425 16:00:32.692"/>
</kw>
<kw name="Should Be Equal As Strings" library="BuiltIn">
<arg>${alert_text}</arg>
<arg>lastName invalid</arg>
<doc>Fails if objects are unequal after converting them to strings.</doc>
<status status="PASS" starttime="20230425 16:00:32.693" endtime="20230425 16:00:32.694"/>
</kw>
<kw name="Input lastname">
<kw name="Input Text" library="SeleniumLibrary">
<arg>//*[@name='lastname']</arg>
<arg>testLastname</arg>
<doc>Types the given ``text`` into the text field identified by ``locator``.</doc>
<msg timestamp="20230425 16:00:32.697" level="INFO">Typing text 'testLastname' into text field '//*[@name='lastname']'.</msg>
<status status="PASS" starttime="20230425 16:00:32.697" endtime="20230425 16:00:32.821"/>
</kw>
<kw name="Get Value" library="SeleniumLibrary">
<var>${lastname}</var>
<arg>//*[@name='lastname']</arg>
<doc>Returns the value attribute of the element identified by ``locator``.</doc>
<msg timestamp="20230425 16:00:32.885" level="INFO">${lastname} = testLastname</msg>
<status status="PASS" starttime="20230425 16:00:32.822" endtime="20230425 16:00:32.885"/>
</kw>
<kw name="Should Be Equal" library="BuiltIn">
<arg>${lastname}</arg>
<arg>testLastname</arg>
<doc>Fails if the given objects are unequal.</doc>
<status status="PASS" starttime="20230425 16:00:32.886" endtime="20230425 16:00:32.886"/>
</kw>
<status status="PASS" starttime="20230425 16:00:32.695" endtime="20230425 16:00:32.886"/>
</kw>
<kw name="Submit">
<kw name="Click Element" library="SeleniumLibrary">
<arg>//*[@type='submit']</arg>
<doc>Click the element identified by ``locator``.</doc>
<msg timestamp="20230425 16:00:32.888" level="INFO">Clicking element '//*[@type='submit']'.</msg>
<status status="PASS" starttime="20230425 16:00:32.888" endtime="20230425 16:00:32.927"/>
</kw>
<status status="PASS" starttime="20230425 16:00:32.887" endtime="20230425 16:00:32.927"/>
</kw>
<kw name="Sleep" library="BuiltIn">
<arg>1s</arg>
<doc>Pauses the test executed for the given time.</doc>
<msg timestamp="20230425 16:00:33.929" level="INFO">Slept 1 second</msg>
<status status="PASS" starttime="20230425 16:00:32.928" endtime="20230425 16:00:33.929"/>
</kw>
<kw name="Handle Alert" library="SeleniumLibrary">
<var>${alert_text}</var>
<arg>timeout=10s</arg>
<doc>Handles the current alert and returns its message.</doc>
<msg timestamp="20230425 16:00:33.931" level="INFO">HANDLE::&lt;class 'datetime.timedelta'&gt;::0:00:10</msg>
<msg timestamp="20230425 16:00:33.939" level="INFO">${alert_text} = date is After current time</msg>
<status status="PASS" starttime="20230425 16:00:33.930" endtime="20230425 16:00:33.939"/>
</kw>
<kw name="Should Be Equal As Strings" library="BuiltIn">
<arg>${alert_text}</arg>
<arg>date is After current time</arg>
<doc>Fails if objects are unequal after converting them to strings.</doc>
<status status="PASS" starttime="20230425 16:00:33.940" endtime="20230425 16:00:33.941"/>
</kw>
<kw name="Input date">
<kw name="Execute Javascript" library="SeleniumLibrary">
<arg>document.getElementById('birthdate').value = '2000-12-12'</arg>
<doc>Executes the given JavaScript code with possible arguments.</doc>
<msg timestamp="20230425 16:00:33.944" level="INFO">Executing JavaScript:
document.getElementById('birthdate').value = '2000-12-12'
Without any arguments.</msg>
<status status="PASS" starttime="20230425 16:00:33.943" endtime="20230425 16:00:33.954"/>
</kw>
<status status="PASS" starttime="20230425 16:00:33.941" endtime="20230425 16:00:33.954"/>
</kw>
<kw name="Submit">
<kw name="Click Element" library="SeleniumLibrary">
<arg>//*[@type='submit']</arg>
<doc>Click the element identified by ``locator``.</doc>
<msg timestamp="20230425 16:00:33.957" level="INFO">Clicking element '//*[@type='submit']'.</msg>
<status status="PASS" starttime="20230425 16:00:33.957" endtime="20230425 16:00:34.002"/>
</kw>
<status status="PASS" starttime="20230425 16:00:33.956" endtime="20230425 16:00:34.003"/>
</kw>
<kw name="Wait Until Page Contains" library="SeleniumLibrary">
<arg>Welcome</arg>
<doc>Waits until ``text`` appears on the current page.</doc>
<status status="PASS" starttime="20230425 16:00:34.005" endtime="20230425 16:00:34.242"/>
</kw>
<kw name="Sleep" library="BuiltIn">
<arg>1s</arg>
<doc>Pauses the test executed for the given time.</doc>
<msg timestamp="20230425 16:00:35.249" level="INFO">Slept 1 second</msg>
<status status="PASS" starttime="20230425 16:00:34.243" endtime="20230425 16:00:35.249"/>
</kw>
<kw name="Click Link" library="SeleniumLibrary">
<arg>//*[@href="/account/signup"]</arg>
<doc>Clicks a link identified by ``locator``.</doc>
<msg timestamp="20230425 16:00:35.252" level="INFO">Clicking link '//*[@href="/account/signup"]'.</msg>
<status status="PASS" starttime="20230425 16:00:35.251" endtime="20230425 16:00:35.312"/>
</kw>
<kw name="Wait Until Page Contains" library="SeleniumLibrary">
<arg>Hello</arg>
<doc>Waits until ``text`` appears on the current page.</doc>
<status status="PASS" starttime="20230425 16:00:35.313" endtime="20230425 16:00:35.327"/>
</kw>
<kw name="Sleep" library="BuiltIn">
<arg>1s</arg>
<doc>Pauses the test executed for the given time.</doc>
<msg timestamp="20230425 16:00:36.339" level="INFO">Slept 1 second</msg>
<status status="PASS" starttime="20230425 16:00:35.328" endtime="20230425 16:00:36.339"/>
</kw>
<kw name="Input username 1">
<kw name="Input Text" library="SeleniumLibrary">
<arg>//*[@name='username']</arg>
<arg>${USERNAME}</arg>
<doc>Types the given ``text`` into the text field identified by ``locator``.</doc>
<msg timestamp="20230425 16:00:36.342" level="INFO">Typing text 'TESTGLOBAL6' into text field '//*[@name='username']'.</msg>
<status status="PASS" starttime="20230425 16:00:36.341" endtime="20230425 16:00:36.475"/>
</kw>
<kw name="Get Value" library="SeleniumLibrary">
<var>${_username}</var>
<arg>//*[@name='username']</arg>
<doc>Returns the value attribute of the element identified by ``locator``.</doc>
<msg timestamp="20230425 16:00:36.492" level="INFO">${_username} = TESTGLOBAL6</msg>
<status status="PASS" starttime="20230425 16:00:36.475" endtime="20230425 16:00:36.493"/>
</kw>
<kw name="Should Be Equal" library="BuiltIn">
<arg>${_username}</arg>
<arg>${USERNAME}</arg>
<doc>Fails if the given objects are unequal.</doc>
<status status="PASS" starttime="20230425 16:00:36.493" endtime="20230425 16:00:36.493"/>
</kw>
<status status="PASS" starttime="20230425 16:00:36.340" endtime="20230425 16:00:36.494"/>
</kw>
<kw name="Click UserType Trainee">
<kw name="Click Element" library="SeleniumLibrary">
<arg>//*[@id='userType_arrow']</arg>
<doc>Click the element identified by ``locator``.</doc>
<msg timestamp="20230425 16:00:36.495" level="INFO">Clicking element '//*[@id='userType_arrow']'.</msg>
<status status="PASS" starttime="20230425 16:00:36.495" endtime="20230425 16:00:36.545"/>
</kw>
<kw name="Click Element" library="SeleniumLibrary">
<arg>//*[@id='userType_choice_2']</arg>
<doc>Click the element identified by ``locator``.</doc>
<msg timestamp="20230425 16:00:36.547" level="INFO">Clicking element '//*[@id='userType_choice_2']'.</msg>
<status status="PASS" starttime="20230425 16:00:36.545" endtime="20230425 16:00:36.593"/>
</kw>
<kw name="Click Element At Coordinates" library="SeleniumLibrary">
<arg>//*[@name='username']</arg>
<arg>0</arg>
<arg>0</arg>
<doc>Click the element ``locator`` at ``xoffset/yoffset``.</doc>
<msg timestamp="20230425 16:00:36.594" level="INFO">Clicking element '//*[@name='username']' at coordinates x=0, y=0.</msg>
<status status="PASS" starttime="20230425 16:00:36.594" endtime="20230425 16:00:37.153"/>
</kw>
<status status="PASS" starttime="20230425 16:00:36.494" endtime="20230425 16:00:37.154"/>
</kw>
<kw name="Input password">
<kw name="Input Text" library="SeleniumLibrary">
<arg>//*[@name='password']</arg>
<arg>123456789</arg>
<doc>Types the given ``text`` into the text field identified by ``locator``.</doc>
<msg timestamp="20230425 16:00:37.156" level="INFO">Typing text '123456789' into text field '//*[@name='password']'.</msg>
<status status="PASS" starttime="20230425 16:00:37.155" endtime="20230425 16:00:37.243"/>
</kw>
<kw name="Get Value" library="SeleniumLibrary">
<var>${password}</var>
<arg>//*[@name='password']</arg>
<doc>Returns the value attribute of the element identified by ``locator``.</doc>
<msg timestamp="20230425 16:00:37.261" level="INFO">${password} = 123456789</msg>
<status status="PASS" starttime="20230425 16:00:37.244" endtime="20230425 16:00:37.261"/>
</kw>
<kw name="Should Be Equal" library="BuiltIn">
<arg>${password}</arg>
<arg>123456789</arg>
<doc>Fails if the given objects are unequal.</doc>
<status status="PASS" starttime="20230425 16:00:37.261" endtime="20230425 16:00:37.262"/>
</kw>
<status status="PASS" starttime="20230425 16:00:37.155" endtime="20230425 16:00:37.262"/>
</kw>
<kw name="Input confirm password correct">
<kw name="Input Text" library="SeleniumLibrary">
<arg>//*[@name='confirmPassword']</arg>
<arg>123456789</arg>
<doc>Types the given ``text`` into the text field identified by ``locator``.</doc>
<msg timestamp="20230425 16:00:37.264" level="INFO">Typing text '123456789' into text field '//*[@name='confirmPassword']'.</msg>
<status status="PASS" starttime="20230425 16:00:37.263" endtime="20230425 16:00:37.361"/>
</kw>
<kw name="Get Value" library="SeleniumLibrary">
<var>${password}</var>
<arg>//*[@name='confirmPassword']</arg>
<doc>Returns the value attribute of the element identified by ``locator``.</doc>
<msg timestamp="20230425 16:00:37.380" level="INFO">${password} = 123456789</msg>
<status status="PASS" starttime="20230425 16:00:37.362" endtime="20230425 16:00:37.380"/>
</kw>
<kw name="Should Be Equal" library="BuiltIn">
<arg>${password}</arg>
<arg>123456789</arg>
<doc>Fails if the given objects are unequal.</doc>
<status status="PASS" starttime="20230425 16:00:37.380" endtime="20230425 16:00:37.380"/>
</kw>
<status status="PASS" starttime="20230425 16:00:37.263" endtime="20230425 16:00:37.381"/>
</kw>
<kw name="Input firstname">
<kw name="Input Text" library="SeleniumLibrary">
<arg>//*[@name='firstname']</arg>
<arg>testFirstname</arg>
<doc>Types the given ``text`` into the text field identified by ``locator``.</doc>
<msg timestamp="20230425 16:00:37.383" level="INFO">Typing text 'testFirstname' into text field '//*[@name='firstname']'.</msg>
<status status="PASS" starttime="20230425 16:00:37.381" endtime="20230425 16:00:37.527"/>
</kw>
<kw name="Get Value" library="SeleniumLibrary">
<var>${firstname}</var>
<arg>//*[@name='firstname']</arg>
<doc>Returns the value attribute of the element identified by ``locator``.</doc>
<msg timestamp="20230425 16:00:37.582" level="INFO">${firstname} = testFirstname</msg>
<status status="PASS" starttime="20230425 16:00:37.527" endtime="20230425 16:00:37.583"/>
</kw>
<kw name="Should Be Equal" library="BuiltIn">
<arg>${firstname}</arg>
<arg>testFirstname</arg>
<doc>Fails if the given objects are unequal.</doc>
<status status="PASS" starttime="20230425 16:00:37.583" endtime="20230425 16:00:37.584"/>
</kw>
<status status="PASS" starttime="20230425 16:00:37.381" endtime="20230425 16:00:37.584"/>
</kw>
<kw name="Input lastname">
<kw name="Input Text" library="SeleniumLibrary">
<arg>//*[@name='lastname']</arg>
<arg>testLastname</arg>
<doc>Types the given ``text`` into the text field identified by ``locator``.</doc>
<msg timestamp="20230425 16:00:37.587" level="INFO">Typing text 'testLastname' into text field '//*[@name='lastname']'.</msg>
<status status="PASS" starttime="20230425 16:00:37.586" endtime="20230425 16:00:37.776"/>
</kw>
<kw name="Get Value" library="SeleniumLibrary">
<var>${lastname}</var>
<arg>//*[@name='lastname']</arg>
<doc>Returns the value attribute of the element identified by ``locator``.</doc>
<msg timestamp="20230425 16:00:37.837" level="INFO">${lastname} = testLastname</msg>
<status status="PASS" starttime="20230425 16:00:37.777" endtime="20230425 16:00:37.838"/>
</kw>
<kw name="Should Be Equal" library="BuiltIn">
<arg>${lastname}</arg>
<arg>testLastname</arg>
<doc>Fails if the given objects are unequal.</doc>
<status status="PASS" starttime="20230425 16:00:37.838" endtime="20230425 16:00:37.839"/>
</kw>
<status status="PASS" starttime="20230425 16:00:37.585" endtime="20230425 16:00:37.839"/>
</kw>
<kw name="Input date">
<kw name="Execute Javascript" library="SeleniumLibrary">
<arg>document.getElementById('birthdate').value = '2000-12-12'</arg>
<doc>Executes the given JavaScript code with possible arguments.</doc>
<msg timestamp="20230425 16:00:37.842" level="INFO">Executing JavaScript:
document.getElementById('birthdate').value = '2000-12-12'
Without any arguments.</msg>
<status status="PASS" starttime="20230425 16:00:37.841" endtime="20230425 16:00:37.856"/>
</kw>
<status status="PASS" starttime="20230425 16:00:37.840" endtime="20230425 16:00:37.857"/>
</kw>
<kw name="Input citizenId">
<kw name="Input Text" library="SeleniumLibrary">
<arg>//*[@name='citizenId']</arg>
<arg>1234567890123</arg>
<doc>Types the given ``text`` into the text field identified by ``locator``.</doc>
<msg timestamp="20230425 16:00:37.862" level="INFO">Typing text '1234567890123' into text field '//*[@name='citizenId']'.</msg>
<status status="PASS" starttime="20230425 16:00:37.861" endtime="20230425 16:00:38.068"/>
</kw>
<kw name="Get Value" library="SeleniumLibrary">
<var>${citizenId}</var>
<arg>//*[@name='citizenId']</arg>
<doc>Returns the value attribute of the element identified by ``locator``.</doc>
<msg timestamp="20230425 16:00:38.097" level="INFO">${citizenId} = 1234567890123</msg>
<status status="PASS" starttime="20230425 16:00:38.069" endtime="20230425 16:00:38.097"/>
</kw>
<kw name="Should Be Equal" library="BuiltIn">
<arg>${citizenId}</arg>
<arg>1234567890123</arg>
<doc>Fails if the given objects are unequal.</doc>
<status status="PASS" starttime="20230425 16:00:38.098" endtime="20230425 16:00:38.099"/>
</kw>
<status status="PASS" starttime="20230425 16:00:37.860" endtime="20230425 16:00:38.100"/>
</kw>
<kw name="Input phoneNumber">
<kw name="Input Text" library="SeleniumLibrary">
<arg>//*[@name='phoneNumber']</arg>
<arg>0984358769</arg>
<doc>Types the given ``text`` into the text field identified by ``locator``.</doc>
<msg timestamp="20230425 16:00:38.103" level="INFO">Typing text '0984358769' into text field '//*[@name='phoneNumber']'.</msg>
<status status="PASS" starttime="20230425 16:00:38.102" endtime="20230425 16:00:38.264"/>
</kw>
<kw name="Get Value" library="SeleniumLibrary">
<var>${phoneNumber}</var>
<arg>//*[@name='phoneNumber']</arg>
<doc>Returns the value attribute of the element identified by ``locator``.</doc>
<msg timestamp="20230425 16:00:38.284" level="INFO">${phoneNumber} = 0984358769</msg>
<status status="PASS" starttime="20230425 16:00:38.265" endtime="20230425 16:00:38.284"/>
</kw>
<kw name="Should Be Equal" library="BuiltIn">
<arg>${phoneNumber}</arg>
<arg>0984358769</arg>
<doc>Fails if the given objects are unequal.</doc>
<status status="PASS" starttime="20230425 16:00:38.285" endtime="20230425 16:00:38.285"/>
</kw>
<status status="PASS" starttime="20230425 16:00:38.101" endtime="20230425 16:00:38.285"/>
</kw>
<kw name="Click gender female">
<kw name="Click Element" library="SeleniumLibrary">
<arg>//*[@id='gender_arrow']</arg>
<doc>Click the element identified by ``locator``.</doc>
<msg timestamp="20230425 16:00:38.289" level="INFO">Clicking element '//*[@id='gender_arrow']'.</msg>
<status status="PASS" starttime="20230425 16:00:38.288" endtime="20230425 16:00:38.336"/>
</kw>
<kw name="Click Element" library="SeleniumLibrary">
<arg>//*[@id='gender_choice_2']</arg>
<doc>Click the element identified by ``locator``.</doc>
<msg timestamp="20230425 16:00:38.339" level="INFO">Clicking element '//*[@id='gender_choice_2']'.</msg>
<status status="PASS" starttime="20230425 16:00:38.337" endtime="20230425 16:00:38.382"/>
</kw>
<kw name="Click Element At Coordinates" library="SeleniumLibrary">
<arg>//*[@name='username']</arg>
<arg>0</arg>
<arg>0</arg>
<doc>Click the element ``locator`` at ``xoffset/yoffset``.</doc>
<msg timestamp="20230425 16:00:38.384" level="INFO">Clicking element '//*[@name='username']' at coordinates x=0, y=0.</msg>
<status status="PASS" starttime="20230425 16:00:38.384" endtime="20230425 16:00:38.937"/>
</kw>
<status status="PASS" starttime="20230425 16:00:38.287" endtime="20230425 16:00:38.937"/>
</kw>
<kw name="Input address">
<kw name="Input Text" library="SeleniumLibrary">
<arg>//*[@name='address']</arg>
<arg>วัดบางพลีใหญ่กลาง Bang Phli Yai, Bang Phli District, Samut Prakan, Thailand</arg>
<doc>Types the given ``text`` into the text field identified by ``locator``.</doc>
<msg timestamp="20230425 16:00:38.940" level="INFO">Typing text 'วัดบางพลีใหญ่กลาง Bang Phli Yai, Bang Phli District, Samut Prakan, Thailand' into text field '//*[@name='address']'.</msg>
<status status="PASS" starttime="20230425 16:00:38.939" endtime="20230425 16:00:39.482"/>
</kw>
<kw name="Get Value" library="SeleniumLibrary">
<var>${address}</var>
<arg>//*[@name='address']</arg>
<doc>Returns the value attribute of the element identified by ``locator``.</doc>
<msg timestamp="20230425 16:00:39.503" level="INFO">${address} = วัดบางพลีใหญ่กลาง Bang Phli Yai, Bang Phli District, Samut Prakan, Thailand</msg>
<status status="PASS" starttime="20230425 16:00:39.484" endtime="20230425 16:00:39.504"/>
</kw>
<kw name="Should Be Equal" library="BuiltIn">
<arg>${address}</arg>
<arg>วัดบางพลีใหญ่กลาง Bang Phli Yai, Bang Phli District, Samut Prakan, Thailand</arg>
<doc>Fails if the given objects are unequal.</doc>
<status status="PASS" starttime="20230425 16:00:39.504" endtime="20230425 16:00:39.504"/>
</kw>
<status status="PASS" starttime="20230425 16:00:38.938" endtime="20230425 16:00:39.505"/>
</kw>
<kw name="Submit">
<kw name="Click Element" library="SeleniumLibrary">
<arg>//*[@type='submit']</arg>
<doc>Click the element identified by ``locator``.</doc>
<msg timestamp="20230425 16:00:39.508" level="INFO">Clicking element '//*[@type='submit']'.</msg>
<status status="PASS" starttime="20230425 16:00:39.506" endtime="20230425 16:00:39.553"/>
</kw>
<status status="PASS" starttime="20230425 16:00:39.505" endtime="20230425 16:00:39.554"/>
</kw>
<kw name="Sleep" library="BuiltIn">
<arg>1s</arg>
<doc>Pauses the test executed for the given time.</doc>
<msg timestamp="20230425 16:00:40.568" level="INFO">Slept 1 second</msg>
<status status="PASS" starttime="20230425 16:00:39.556" endtime="20230425 16:00:40.568"/>
</kw>
<kw name="Handle Alert" library="SeleniumLibrary">
<var>${alert_text}</var>
<arg>timeout=10s</arg>
<doc>Handles the current alert and returns its message.</doc>
<msg timestamp="20230425 16:00:40.569" level="INFO">HANDLE::&lt;class 'datetime.timedelta'&gt;::0:00:10</msg>
<msg timestamp="20230425 16:00:40.577" level="INFO">${alert_text} = error: user already existed</msg>
<status status="PASS" starttime="20230425 16:00:40.569" endtime="20230425 16:00:40.577"/>
</kw>
<kw name="Should Be Equal As Strings" library="BuiltIn">
<arg>${alert_text}</arg>
<arg>error: user already existed</arg>
<doc>Fails if objects are unequal after converting them to strings.</doc>
<status status="PASS" starttime="20230425 16:00:40.578" endtime="20230425 16:00:40.579"/>
</kw>
<kw name="Input username 2">
<kw name="Input Text" library="SeleniumLibrary">
<arg>//*[@name='username']</arg>
<arg>${USERNAME2}</arg>
<doc>Types the given ``text`` into the text field identified by ``locator``.</doc>
<msg timestamp="20230425 16:00:40.582" level="INFO">Typing text 'TESTAGAIN6' into text field '//*[@name='username']'.</msg>
<status status="PASS" starttime="20230425 16:00:40.581" endtime="20230425 16:00:40.689"/>
</kw>
<kw name="Get Value" library="SeleniumLibrary">
<var>${_username}</var>
<arg>//*[@name='username']</arg>
<doc>Returns the value attribute of the element identified by ``locator``.</doc>
<msg timestamp="20230425 16:00:40.708" level="INFO">${_username} = TESTAGAIN6</msg>
<status status="PASS" starttime="20230425 16:00:40.690" endtime="20230425 16:00:40.708"/>
</kw>
<kw name="Should Be Equal" library="BuiltIn">
<arg>${_username}</arg>
<arg>${USERNAME2}</arg>
<doc>Fails if the given objects are unequal.</doc>
<status status="PASS" starttime="20230425 16:00:40.709" endtime="20230425 16:00:40.709"/>
</kw>
<status status="PASS" starttime="20230425 16:00:40.580" endtime="20230425 16:00:40.709"/>
</kw>
<kw name="Sleep" library="BuiltIn">
<arg>1s</arg>
<doc>Pauses the test executed for the given time.</doc>
<msg timestamp="20230425 16:00:41.718" level="INFO">Slept 1 second</msg>
<status status="PASS" starttime="20230425 16:00:40.710" endtime="20230425 16:00:41.718"/>
</kw>
<kw name="Submit">
<kw name="Click Element" library="SeleniumLibrary">
<arg>//*[@type='submit']</arg>
<doc>Click the element identified by ``locator``.</doc>
<msg timestamp="20230425 16:00:41.720" level="INFO">Clicking element '//*[@type='submit']'.</msg>
<status status="PASS" starttime="20230425 16:00:41.718" endtime="20230425 16:00:41.754"/>
</kw>
<status status="PASS" starttime="20230425 16:00:41.718" endtime="20230425 16:00:41.754"/>
</kw>
<kw name="Wait Until Page Contains" library="SeleniumLibrary">
<arg>Welcome</arg>
<doc>Waits until ``text`` appears on the current page.</doc>
<status status="PASS" starttime="20230425 16:00:41.755" endtime="20230425 16:00:42.208"/>
</kw>
<kw name="Sleep" library="BuiltIn">
<arg>2s</arg>
<doc>Pauses the test executed for the given time.</doc>
<msg timestamp="20230425 16:00:44.210" level="INFO">Slept 2 seconds</msg>
<status status="PASS" starttime="20230425 16:00:42.208" endtime="20230425 16:00:44.210"/>
</kw>
<status status="PASS" starttime="20230425 16:00:20.429" endtime="20230425 16:00:44.211"/>
</test>
<status status="PASS" starttime="20230425 16:00:20.119" endtime="20230425 16:00:44.213"/>
</suite>
<statistics>
<total>
<stat pass="1" fail="0" skip="0">All Tests</stat>
</total>
<tag>
</tag>
<suite>
<stat pass="1" fail="0" skip="0" id="s1" name="Simple">Simple</stat>
</suite>
</statistics>
<errors>
</errors>
</robot>
